<?xml version="1.0" encoding="UTF-8"?>
<!-- Generated by org.testng.reporters.JUnitReportReporter -->
<testsuite skipped="1" hostname="INW-169" name="Rough.Rough1" tests="2" failures="0" timestamp="10 Jun 2019 09:23:02 GMT" time="4.180" errors="0">
  <testcase name="createSession" time="4.180" classname="Rough.Rough1"/>
  <testcase name="createProject" classname="Rough.Rough1">
    <skipped/>
  </testcase> <!-- createProject -->
</testsuite> <!-- Rough.Rough1 -->
