<?xml version="1.0" encoding="UTF-8"?>
<!-- Generated by org.testng.reporters.JUnitReportReporter -->
<testsuite skipped="0" hostname="INW-169" name="Xira.Comp" tests="2" failures="0" timestamp="05 Jun 2019 15:44:51 GMT" time="5.353" errors="0">
  <testcase name="createComponent" time="0.206" classname="Xira.Comp"/>
  <testcase name="createSession" time="5.147" classname="Xira.Comp"/>
</testsuite> <!-- Xira.Comp -->
