<?xml version="1.0" encoding="UTF-8"?>
<!-- Generated by org.testng.reporters.JUnitReportReporter -->
<testsuite skipped="0" hostname="INW-169" name="Xira.User" tests="2" failures="0" timestamp="10 Jun 2019 09:22:36 GMT" time="5.673" errors="0">
  <testcase name="changePassword" time="0.883" classname="Xira.User"/>
  <testcase name="createSession" time="4.790" classname="Xira.User"/>
</testsuite> <!-- Xira.User -->
