<?xml version="1.0" encoding="UTF-8"?>
<!-- Generated by org.testng.reporters.JUnitReportReporter -->
<testsuite skipped="0" hostname="INW-169" name="RestFramework.All" tests="1" failures="0" timestamp="31 May 2019 15:41:08 GMT" time="0.026" errors="0">
  <testcase name="method1" time="0.026" classname="RestFramework.All"/>
</testsuite> <!-- RestFramework.All -->
