<?xml version="1.0" encoding="UTF-8"?>
<!-- Generated by org.testng.reporters.JUnitReportReporter -->
<testsuite skipped="0" hostname="INW-169" name="Xira.Projects" tests="2" failures="0" timestamp="10 Jun 2019 09:39:39 GMT" time="6.417" errors="0">
  <testcase name="createSession" time="4.418" classname="Xira.Projects"/>
  <testcase name="updateProject" time="1.999" classname="Xira.Projects"/>
</testsuite> <!-- Xira.Projects -->
