<?xml version="1.0" encoding="UTF-8"?>
<!-- Generated by org.testng.reporters.JUnitReportReporter -->
<testsuite skipped="0" hostname="INW-169" name="Xira.Comment" tests="2" failures="0" timestamp="06 Jun 2019 07:25:44 GMT" time="6.089" errors="0">
  <testcase name="getIssueComments" time="0.892" classname="Xira.Comment"/>
  <testcase name="CreateSession" time="5.197" classname="Xira.Comment"/>
</testsuite> <!-- Xira.Comment -->
