<?xml version="1.0" encoding="UTF-8"?>
<!-- Generated by org.testng.reporters.JUnitReportReporter -->
<testsuite skipped="0" hostname="INW-169" name="RestFramework.GroupTestExample" tests="3" failures="0" timestamp="31 May 2019 15:07:04 GMT" time="0.030" errors="0">
  <testcase name="testSalutationMessgae" time="0.024" classname="RestFramework.GroupTestExample"/>
  <testcase name="windowsOnLaptop" time="0.003" classname="RestFramework.GroupTestExample"/>
  <testcase name="windowsOnComputer" time="0.003" classname="RestFramework.GroupTestExample"/>
</testsuite> <!-- RestFramework.GroupTestExample -->
