<?xml version="1.0" encoding="UTF-8"?>
<!-- Generated by org.testng.reporters.JUnitReportReporter -->
<testsuite skipped="0" hostname="INW-169" name="Xira.Issue" tests="2" failures="0" timestamp="06 Jun 2019 12:11:15 GMT" time="4.965" errors="0">
  <testcase name="createSession" time="4.516" classname="Xira.Issue"/>
  <testcase name="updateIssue" time="0.449" classname="Xira.Issue"/>
</testsuite> <!-- Xira.Issue -->
