<?xml version="1.0" encoding="UTF-8"?>
<!-- Generated by org.testng.reporters.JUnitReportReporter -->
<testsuite skipped="0" hostname="INW-169" name="Garbage.Utility" tests="3" failures="0" timestamp="03 Jun 2019 10:01:34 GMT" time="7.986" errors="0">
  <testcase name="getWithParam" time="1.858" classname="Garbage.Utility"/>
  <testcase name="simplePostExample" time="1.441" classname="Garbage.Utility"/>
  <testcase name="createAndDelete" time="4.687" classname="Garbage.Utility"/>
</testsuite> <!-- Garbage.Utility -->
