<?xml version="1.0" encoding="UTF-8"?>
<!-- Generated by org.testng.reporters.JUnitReportReporter -->
<testsuite skipped="0" hostname="INW-169" name="Xira.Projects" tests="2" failures="0" timestamp="07 Jun 2019 13:08:15 GMT" time="7.717" errors="0">
  <testcase name="createSession" time="6.093" classname="Xira.Projects"/>
  <testcase name="createProject" time="1.624" classname="Xira.Projects"/>
</testsuite> <!-- Xira.Projects -->
